npm warn Unknown project config "allow-build-scripts". This will stop working in the next major version of npm.

[1m[46m RUN [49m[22m [36mv4.0.18 [39m[90mC:/Users/gfmoz/Documentos/apps_projects/openclaw[39m

 [32mÔ£ô[39m src/auto-reply/reply/reply-flow.test.ts[2m > [22mnormalizeInboundTextNewlines[2m > [22mconverts CRLF to LF[32m 2[2mms[22m[39m
 [32mÔ£ô[39m src/auto-reply/reply/reply-flow.test.ts[2m > [22mnormalizeInboundTextNewlines[2m > [22mconverts CR to LF[32m 0[2mms[22m[39m
 [32mÔ£ô[39m src/auto-reply/reply/reply-flow.test.ts[2m > [22mnormalizeInboundTextNewlines[2m > [22mpreserves literal backslash-n sequences in Windows paths[32m 0[2mms[22m[39m
 [32mÔ£ô[39m src/auto-reply/reply/reply-flow.test.ts[2m > [22mnormalizeInboundTextNewlines[2m > [22mpreserves backslash-n in messages containing Windows paths[32m 0[2mms[22m[39m
 [32mÔ£ô[39m src/auto-reply/reply/reply-flow.test.ts[2m > [22mnormalizeInboundTextNewlines[2m > [22mpreserves multiple backslash-n sequences[32m 0[2mms[22m[39m
 [32mÔ£ô[39m src/auto-reply/reply/reply-flow.test.ts[2m > [22mnormalizeInboundTextNewlines[2m > [22mstill normalizes actual CRLF while preserving backslash-n[32m 0[2mms[22m[39m
 [32mÔ£ô[39m src/auto-reply/reply/reply-flow.test.ts[2m > [22minbound context contract (providers + extensions)[2m > [22mwhatsapp group[32m 1[2mms[22m[39m
 [32mÔ£ô[39m src/auto-reply/reply/reply-flow.test.ts[2m > [22minbound context contract (providers + extensions)[2m > [22mtelegram group[32m 0[2mms[22m[39m
 [32mÔ£ô[39m src/auto-reply/reply/reply-flow.test.ts[2m > [22minbound context contract (providers + extensions)[2m > [22mslack channel[32m 0[2mms[22m[39m
 [32mÔ£ô[39m src/auto-reply/reply/reply-flow.test.ts[2m > [22minbound context contract (providers + extensions)[2m > [22mdiscord channel[32m 0[2mms[22m[39m
 [32mÔ£ô[39m src/auto-reply/reply/reply-flow.test.ts[2m > [22minbound context contract (providers + extensions)[2m > [22msignal dm[32m 0[2mms[22m[39m
 [32mÔ£ô[39m src/auto-reply/reply/reply-flow.test.ts[2m > [22minbound context contract (providers + extensions)[2m > [22mimessage group[32m 0[2mms[22m[39m
 [32mÔ£ô[39m src/auto-reply/reply/reply-flow.test.ts[2m > [22minbound context contract (providers + extensions)[2m > [22mmatrix channel[32m 0[2mms[22m[39m
 [32mÔ£ô[39m src/auto-reply/reply/reply-flow.test.ts[2m > [22minbound context contract (providers + extensions)[2m > [22mmsteams channel[32m 0[2mms[22m[39m
 [32mÔ£ô[39m src/auto-reply/reply/reply-flow.test.ts[2m > [22minbound context contract (providers + extensions)[2m > [22mzalo dm[32m 0[2mms[22m[39m
 [32mÔ£ô[39m src/auto-reply/reply/reply-flow.test.ts[2m > [22minbound context contract (providers + extensions)[2m > [22mzalouser group[32m 0[2mms[22m[39m
 [32mÔ£ô[39m src/auto-reply/reply/reply-flow.test.ts[2m > [22mhasLineDirectives[2m > [22mdetects quick_replies directive[32m 0[2mms[22m[39m
 [32mÔ£ô[39m src/auto-reply/reply/reply-flow.test.ts[2m > [22mhasLineDirectives[2m > [22mdetects location directive[32m 0[2mms[22m[39m
 [32mÔ£ô[39m src/auto-reply/reply/reply-flow.test.ts[2m > [22mhasLineDirectives[2m > [22mdetects confirm directive[32m 0[2mms[22m[39m
 [32mÔ£ô[39m src/auto-reply/reply/reply-flow.test.ts[2m > [22mhasLineDirectives[2m > [22mdetects buttons directive[32m 0[2mms[22m[39m
 [32mÔ£ô[39m src/auto-reply/reply/reply-flow.test.ts[2m > [22mhasLineDirectives[2m > [22mreturns false for regular text[32m 0[2mms[22m[39m
 [32mÔ£ô[39m src/auto-reply/reply/reply-flow.test.ts[2m > [22mhasLineDirectives[2m > [22mreturns false for similar but invalid patterns[32m 0[2mms[22m[39m
 [32mÔ£ô[39m src/auto-reply/reply/reply-flow.test.ts[2m > [22mhasLineDirectives[2m > [22mdetects media_player directive[32m 0[2mms[22m[39m
 [32mÔ£ô[39m src/auto-reply/reply/reply-flow.test.ts[2m > [22mhasLineDirectives[2m > [22mdetects event directive[32m 0[2mms[22m[39m
 [32mÔ£ô[39m src/auto-reply/reply/reply-flow.test.ts[2m > [22mhasLineDirectives[2m > [22mdetects agenda directive[32m 0[2mms[22m[39m
 [32mÔ£ô[39m src/auto-reply/reply/reply-flow.test.ts[2m > [22mhasLineDirectives[2m > [22mdetects device directive[32m 0[2mms[22m[39m
 [32mÔ£ô[39m src/auto-reply/reply/reply-flow.test.ts[2m > [22mhasLineDirectives[2m > [22mdetects appletv_remote directive[32m 0[2mms[22m[39m
 [32mÔ£ô[39m src/auto-reply/reply/reply-flow.test.ts[2m > [22mparseLineDirectives[2m > [22mquick_replies[2m > [22mparses quick_replies and removes from text[32m 1[2mms[22m[39m
 [32mÔ£ô[39m src/auto-reply/reply/reply-flow.test.ts[2m > [22mparseLineDirectives[2m > [22mquick_replies[2m > [22mhandles quick_replies in middle of text[32m 0[2mms[22m[39m
 [32mÔ£ô[39m src/auto-reply/reply/reply-flow.test.ts[2m > [22mparseLineDirectives[2m > [22mquick_replies[2m > [22mmerges with existing quickReplies[32m 0[2mms[22m[39m
 [32mÔ£ô[39m src/auto-reply/reply/reply-flow.test.ts[2m > [22mparseLineDirectives[2m > [22mlocation[2m > [22mparses location with all fields[32m 0[2mms[22m[39m
 [32mÔ£ô[39m src/auto-reply/reply/reply-flow.test.ts[2m > [22mparseLineDirectives[2m > [22mlocation[2m > [22mignores invalid coordinates[32m 0[2mms[22m[39m
 [32mÔ£ô[39m src/auto-reply/reply/reply-flow.test.ts[2m > [22mparseLineDirectives[2m > [22mlocation[2m > [22mdoes not override existing location[32m 0[2mms[22m[39m
 [32mÔ£ô[39m src/auto-reply/reply/reply-flow.test.ts[2m > [22mparseLineDirectives[2m > [22mconfirm[2m > [22mparses simple confirm[32m 0[2mms[22m[39m
 [32mÔ£ô[39m src/auto-reply/reply/reply-flow.test.ts[2m > [22mparseLineDirectives[2m > [22mconfirm[2m > [22mparses confirm with custom data[32m 0[2mms[22m[39m
 [32mÔ£ô[39m src/auto-reply/reply/reply-flow.test.ts[2m > [22mparseLineDirectives[2m > [22mbuttons[2m > [22mparses buttons with message actions[32m 0[2mms[22m[39m
 [32mÔ£ô[39m src/auto-reply/reply/reply-flow.test.ts[2m > [22mparseLineDirectives[2m > [22mbuttons[2m > [22mparses buttons with uri actions[32m 0[2mms[22m[39m
 [32mÔ£ô[39m src/auto-reply/reply/reply-flow.test.ts[2m > [22mparseLineDirectives[2m > [22mbuttons[2m > [22mparses buttons with postback actions[32m 0[2mms[22m[39m
 [32mÔ£ô[39m src/auto-reply/reply/reply-flow.test.ts[2m > [22mparseLineDirectives[2m > [22mbuttons[2m > [22mlimits to 4 actions[32m 0[2mms[22m[39m
 [32mÔ£ô[39m src/auto-reply/reply/reply-flow.test.ts[2m > [22mparseLineDirectives[2m > [22mmedia_player[2m > [22mparses media_player with all fields[32m 1[2mms[22m[39m
 [32mÔ£ô[39m src/auto-reply/reply/reply-flow.test.ts[2m > [22mparseLineDirectives[2m > [22mmedia_player[2m > [22mparses media_player with minimal fields[32m 0[2mms[22m[39m
 [32mÔ£ô[39m src/auto-reply/reply/reply-flow.test.ts[2m > [22mparseLineDirectives[2m > [22mmedia_player[2m > [22mhandles paused status[32m 0[2mms[22m[39m
 [32mÔ£ô[39m src/auto-reply/reply/reply-flow.test.ts[2m > [22mparseLineDirectives[2m > [22mevent[2m > [22mparses event with all fields[32m 0[2mms[22m[39m
 [32mÔ£ô[39m src/auto-reply/reply/reply-flow.test.ts[2m > [22mparseLineDirectives[2m > [22mevent[2m > [22mparses event with minimal fields[32m 0[2mms[22m[39m
 [32mÔ£ô[39m src/auto-reply/reply/reply-flow.test.ts[2m > [22mparseLineDirectives[2m > [22magenda[2m > [22mparses agenda with multiple events[32m 1[2mms[22m[39m
 [32mÔ£ô[39m src/auto-reply/reply/reply-flow.test.ts[2m > [22mparseLineDirectives[2m > [22magenda[2m > [22mparses agenda with events without times[32m 1[2mms[22m[39m
 [32mÔ£ô[39m src/auto-reply/reply/reply-flow.test.ts[2m > [22mparseLineDirectives[2m > [22mdevice[2m > [22mparses device with controls[32m 1[2mms[22m[39m
 [32mÔ£ô[39m src/auto-reply/reply/reply-flow.test.ts[2m > [22mparseLineDirectives[2m > [22mdevice[2m > [22mparses device with minimal fields[32m 0[2mms[22m[39m
 [32mÔ£ô[39m src/auto-reply/reply/reply-flow.test.ts[2m > [22mparseLineDirectives[2m > [22mappletv_remote[2m > [22mparses appletv_remote with status[32m 1[2mms[22m[39m
 [32mÔ£ô[39m src/auto-reply/reply/reply-flow.test.ts[2m > [22mparseLineDirectives[2m > [22mappletv_remote[2m > [22mparses appletv_remote with minimal fields[32m 0[2mms[22m[39m
 [32mÔ£ô[39m src/auto-reply/reply/reply-flow.test.ts[2m > [22mparseLineDirectives[2m > [22mcombined directives[2m > [22mhandles text with no directives[32m 0[2mms[22m[39m
 [32mÔ£ô[39m src/auto-reply/reply/reply-flow.test.ts[2m > [22mparseLineDirectives[2m > [22mcombined directives[2m > [22mpreserves other payload fields[32m 0[2mms[22m[39m
 [31m├ù[39m src/auto-reply/reply/reply-flow.test.ts[2m > [22mfollowup queue deduplication[2m > [22mdeduplicates messages with same Discord message_id[32m 10[2mms[22m[39m
[31m   ÔåÆ expected Promise{ÔÇª} to be true // Object.is equality[39m
 [31m├ù[39m src/auto-reply/reply/reply-flow.test.ts[2m > [22mfollowup queue deduplication[2m > [22mdeduplicates exact prompt when routing matches and no message id[32m 1[2mms[22m[39m
[31m   ÔåÆ expected Promise{ÔÇª} to be true // Object.is equality[39m
 [31m├ù[39m src/auto-reply/reply/reply-flow.test.ts[2m > [22mfollowup queue deduplication[2m > [22mdoes not deduplicate across different providers without message id[32m 1[2mms[22m[39m
[31m   ÔåÆ expected Promise{ÔÇª} to be true // Object.is equality[39m
 [31m├ù[39m src/auto-reply/reply/reply-flow.test.ts[2m > [22mfollowup queue deduplication[2m > [22mcan opt-in to prompt-based dedupe when message id is absent[32m 1[2mms[22m[39m
[31m   ÔåÆ expected Promise{ÔÇª} to be true // Object.is equality[39m
 [31m├ù[39m src/auto-reply/reply/reply-flow.test.ts[2m > [22mfollowup queue collect routing[2m > [22mdoes not collect when destinations differ[33m 5002[2mms[22m[39m
[31m   ÔåÆ Test timed out in 5000ms.
If this is a long-running test, pass a timeout value as the last argument or configure it globally with "testTimeout".[39m
 [31m├ù[39m src/auto-reply/reply/reply-flow.test.ts[2m > [22mfollowup queue collect routing[2m > [22mcollects when channel+destination match[33m 5001[2mms[22m[39m
[31m   ÔåÆ Test timed out in 5000ms.
If this is a long-running test, pass a timeout value as the last argument or configure it globally with "testTimeout".[39m
 [31m├ù[39m src/auto-reply/reply/reply-flow.test.ts[2m > [22mfollowup queue collect routing[2m > [22mcollects Slack messages in same thread and preserves string thread id[33m 5001[2mms[22m[39m
[31m   ÔåÆ Test timed out in 5000ms.
If this is a long-running test, pass a timeout value as the last argument or configure it globally with "testTimeout".[39m
 [31m├ù[39m src/auto-reply/reply/reply-flow.test.ts[2m > [22mfollowup queue collect routing[2m > [22mdoes not collect Slack messages when thread ids differ[33m 5002[2mms[22m[39m
[31m   ÔåÆ Test timed out in 5000ms.
If this is a long-running test, pass a timeout value as the last argument or configure it globally with "testTimeout".[39m
 [31m├ù[39m src/auto-reply/reply/reply-flow.test.ts[2m > [22mfollowup queue collect routing[2m > [22mretries collect-mode batches without losing queued items[33m 5002[2mms[22m[39m
[31m   ÔåÆ Test timed out in 5000ms.
If this is a long-running test, pass a timeout value as the last argument or configure it globally with "testTimeout".[39m
 [31m├ù[39m src/auto-reply/reply/reply-flow.test.ts[2m > [22mfollowup queue collect routing[2m > [22mretries overflow summary delivery without losing dropped previews[33m 5001[2mms[22m[39m
[31m   ÔåÆ Test timed out in 5000ms.
If this is a long-running test, pass a timeout value as the last argument or configure it globally with "testTimeout".[39m
 [32mÔ£ô[39m src/auto-reply/reply/reply-flow.test.ts[2m > [22mcreateReplyDispatcher[2m > [22mdrops empty payloads and silent tokens without media[32m 1[2mms[22m[39m
 [32mÔ£ô[39m src/auto-reply/reply/reply-flow.test.ts[2m > [22mcreateReplyDispatcher[2m > [22mstrips heartbeat tokens and applies responsePrefix[32m 1[2mms[22m[39m
 [32mÔ£ô[39m src/auto-reply/reply/reply-flow.test.ts[2m > [22mcreateReplyDispatcher[2m > [22mavoids double-prefixing and keeps media when heartbeat is the only text[32m 1[2mms[22m[39m
 [32mÔ£ô[39m src/auto-reply/reply/reply-flow.test.ts[2m > [22mcreateReplyDispatcher[2m > [22mpreserves ordering across tool, block, and final replies[32m 1[2mms[22m[39m
 [32mÔ£ô[39m src/auto-reply/reply/reply-flow.test.ts[2m > [22mcreateReplyDispatcher[2m > [22mfires onIdle when the queue drains[32m 0[2mms[22m[39m
 [32mÔ£ô[39m src/auto-reply/reply/reply-flow.test.ts[2m > [22mcreateReplyDispatcher[2m > [22mdelays block replies after the first when humanDelay is natural[32m 2[2mms[22m[39m
 [32mÔ£ô[39m src/auto-reply/reply/reply-flow.test.ts[2m > [22mcreateReplyDispatcher[2m > [22muses custom bounds for humanDelay and clamps when max <= min[32m 0[2mms[22m[39m
 [32mÔ£ô[39m src/auto-reply/reply/reply-flow.test.ts[2m > [22mresolveReplyToMode[2m > [22mdefaults to off for Telegram[32m 0[2mms[22m[39m
 [32mÔ£ô[39m src/auto-reply/reply/reply-flow.test.ts[2m > [22mresolveReplyToMode[2m > [22mdefaults to off for Discord and Slack[32m 0[2mms[22m[39m
 [32mÔ£ô[39m src/auto-reply/reply/reply-flow.test.ts[2m > [22mresolveReplyToMode[2m > [22mdefaults to all when channel is unknown[32m 0[2mms[22m[39m
 [32mÔ£ô[39m src/auto-reply/reply/reply-flow.test.ts[2m > [22mresolveReplyToMode[2m > [22muses configured value when present[32m 0[2mms[22m[39m
 [32mÔ£ô[39m src/auto-reply/reply/reply-flow.test.ts[2m > [22mresolveReplyToMode[2m > [22muses chat-type replyToMode overrides for Slack when configured[32m 0[2mms[22m[39m
 [32mÔ£ô[39m src/auto-reply/reply/reply-flow.test.ts[2m > [22mresolveReplyToMode[2m > [22mfalls back to top-level replyToMode when no chat-type override is set[32m 0[2mms[22m[39m
 [32mÔ£ô[39m src/auto-reply/reply/reply-flow.test.ts[2m > [22mresolveReplyToMode[2m > [22muses legacy dm.replyToMode for direct messages when no chat-type override exists[32m 0[2mms[22m[39m
 [32mÔ£ô[39m src/auto-reply/reply/reply-flow.test.ts[2m > [22mcreateReplyToModeFilter[2m > [22mdrops replyToId when mode is off[32m 0[2mms[22m[39m
 [32mÔ£ô[39m src/auto-reply/reply/reply-flow.test.ts[2m > [22mcreateReplyToModeFilter[2m > [22mkeeps replyToId when mode is off and reply tags are allowed[32m 0[2mms[22m[39m
 [32mÔ£ô[39m src/auto-reply/reply/reply-flow.test.ts[2m > [22mcreateReplyToModeFilter[2m > [22mkeeps replyToId when mode is all[32m 0[2mms[22m[39m
 [32mÔ£ô[39m src/auto-reply/reply/reply-flow.test.ts[2m > [22mcreateReplyToModeFilter[2m > [22mkeeps only the first replyToId when mode is first[32m 0[2mms[22m[39m

ÔÄ»ÔÄ»ÔÄ»ÔÄ»ÔÄ»ÔÄ» Failed Tests 10 ÔÄ»ÔÄ»ÔÄ»ÔÄ»ÔÄ»ÔÄ»ÔÄ»

 FAIL  src/auto-reply/reply/reply-flow.test.ts > followup queue deduplication > deduplicates messages with same Discord message_id
AssertionError: expected Promise{ÔÇª} to be true // Object.is equality

- Expected: 
true

+ Received: 
Promise {}

 ÔØ» src/auto-reply/reply/reply-flow.test.ts:688:19
    686|       settings,
    687|     );
    688|     expect(first).toBe(true);
       |                   ^
    689| 
    690|     // Second enqueue with same message id should be deduplicated

ÔÄ»ÔÄ»ÔÄ»ÔÄ»ÔÄ»ÔÄ»ÔÄ»ÔÄ»ÔÄ»ÔÄ»ÔÄ»ÔÄ»ÔÄ»ÔÄ»ÔÄ»ÔÄ»ÔÄ»ÔÄ»ÔÄ»ÔÄ»ÔÄ»ÔÄ»ÔÄ»[1/10]ÔÄ»

 FAIL  src/auto-reply/reply/reply-flow.test.ts > followup queue deduplication > deduplicates exact prompt when routing matches and no message id
AssertionError: expected Promise{ÔÇª} to be true // Object.is equality

- Expected: 
true

+ Received: 
Promise {}

 ÔØ» src/auto-reply/reply/reply-flow.test.ts:741:19
    739|       settings,
    740|     );
    741|     expect(first).toBe(true);
       |                   ^
    742| 
    743|     // Second enqueue with same prompt should be allowed (default deduÔÇª

ÔÄ»ÔÄ»ÔÄ»ÔÄ»ÔÄ»ÔÄ»ÔÄ»ÔÄ»ÔÄ»ÔÄ»ÔÄ»ÔÄ»ÔÄ»ÔÄ»ÔÄ»ÔÄ»ÔÄ»ÔÄ»ÔÄ»ÔÄ»ÔÄ»ÔÄ»ÔÄ»[2/10]ÔÄ»

 FAIL  src/auto-reply/reply/reply-flow.test.ts > followup queue deduplication > does not deduplicate across different providers without message id
AssertionError: expected Promise{ÔÇª} to be true // Object.is equality

- Expected: 
true

+ Received: 
Promise {}

 ÔØ» src/auto-reply/reply/reply-flow.test.ts:786:19
    784|       settings,
    785|     );
    786|     expect(first).toBe(true);
       |                   ^
    787| 
    788|     const second = enqueueFollowupRun(

ÔÄ»ÔÄ»ÔÄ»ÔÄ»ÔÄ»ÔÄ»ÔÄ»ÔÄ»ÔÄ»ÔÄ»ÔÄ»ÔÄ»ÔÄ»ÔÄ»ÔÄ»ÔÄ»ÔÄ»ÔÄ»ÔÄ»ÔÄ»ÔÄ»ÔÄ»ÔÄ»[3/10]ÔÄ»

 FAIL  src/auto-reply/reply/reply-flow.test.ts > followup queue deduplication > can opt-in to prompt-based dedupe when message id is absent
AssertionError: expected Promise{ÔÇª} to be true // Object.is equality

- Expected: 
true

+ Received: 
Promise {}

 ÔØ» src/auto-reply/reply/reply-flow.test.ts:819:19
    817|       "prompt",
    818|     );
    819|     expect(first).toBe(true);
       |                   ^
    820| 
    821|     const second = enqueueFollowupRun(

ÔÄ»ÔÄ»ÔÄ»ÔÄ»ÔÄ»ÔÄ»ÔÄ»ÔÄ»ÔÄ»ÔÄ»ÔÄ»ÔÄ»ÔÄ»ÔÄ»ÔÄ»ÔÄ»ÔÄ»ÔÄ»ÔÄ»ÔÄ»ÔÄ»ÔÄ»ÔÄ»[4/10]ÔÄ»

 FAIL  src/auto-reply/reply/reply-flow.test.ts > followup queue collect routing > does not collect when destinations differ
Error: Test timed out in 5000ms.
If this is a long-running test, pass a timeout value as the last argument or configure it globally with "testTimeout".
 ÔØ» src/auto-reply/reply/reply-flow.test.ts:836:3
    834| 
    835| describe("followup queue collect routing", () => {
    836|   it("does not collect when destinations differ", async () => {
       |   ^
    837|     const key = `test-collect-diff-to-${Date.now()}`;
    838|     const calls: FollowupRun[] = [];

ÔÄ»ÔÄ»ÔÄ»ÔÄ»ÔÄ»ÔÄ»ÔÄ»ÔÄ»ÔÄ»ÔÄ»ÔÄ»ÔÄ»ÔÄ»ÔÄ»ÔÄ»ÔÄ»ÔÄ»ÔÄ»ÔÄ»ÔÄ»ÔÄ»ÔÄ»ÔÄ»[5/10]ÔÄ»

 FAIL  src/auto-reply/reply/reply-flow.test.ts > followup queue collect routing > collects when channel+destination match
Error: Test timed out in 5000ms.
If this is a long-running test, pass a timeout value as the last argument or configure it globally with "testTimeout".
 ÔØ» src/auto-reply/reply/reply-flow.test.ts:879:3
    877|   });
    878| 
    879|   it("collects when channel+destination match", async () => {
       |   ^
    880|     const key = `test-collect-same-to-${Date.now()}`;
    881|     const calls: FollowupRun[] = [];

ÔÄ»ÔÄ»ÔÄ»ÔÄ»ÔÄ»ÔÄ»ÔÄ»ÔÄ»ÔÄ»ÔÄ»ÔÄ»ÔÄ»ÔÄ»ÔÄ»ÔÄ»ÔÄ»ÔÄ»ÔÄ»ÔÄ»ÔÄ»ÔÄ»ÔÄ»ÔÄ»[6/10]ÔÄ»

 FAIL  src/auto-reply/reply/reply-flow.test.ts > followup queue collect routing > collects Slack messages in same thread and preserves string thread id
Error: Test timed out in 5000ms.
If this is a long-running test, pass a timeout value as the last argument or configure it globally with "testTimeout".
 ÔØ» src/auto-reply/reply/reply-flow.test.ts:923:3
    921|   });
    922| 
    923|   it("collects Slack messages in same thread and preserves string threÔÇª
       |   ^
    924|     const key = `test-collect-slack-thread-same-${Date.now()}`;
    925|     const calls: FollowupRun[] = [];

ÔÄ»ÔÄ»ÔÄ»ÔÄ»ÔÄ»ÔÄ»ÔÄ»ÔÄ»ÔÄ»ÔÄ»ÔÄ»ÔÄ»ÔÄ»ÔÄ»ÔÄ»ÔÄ»ÔÄ»ÔÄ»ÔÄ»ÔÄ»ÔÄ»ÔÄ»ÔÄ»[7/10]ÔÄ»

 FAIL  src/auto-reply/reply/reply-flow.test.ts > followup queue collect routing > does not collect Slack messages when thread ids differ
Error: Test timed out in 5000ms.
If this is a long-running test, pass a timeout value as the last argument or configure it globally with "testTimeout".
 ÔØ» src/auto-reply/reply/reply-flow.test.ts:968:3
    966|   });
    967| 
    968|   it("does not collect Slack messages when thread ids differ", async (ÔÇª
       |   ^
    969|     const key = `test-collect-slack-thread-diff-${Date.now()}`;
    970|     const calls: FollowupRun[] = [];

ÔÄ»ÔÄ»ÔÄ»ÔÄ»ÔÄ»ÔÄ»ÔÄ»ÔÄ»ÔÄ»ÔÄ»ÔÄ»ÔÄ»ÔÄ»ÔÄ»ÔÄ»ÔÄ»ÔÄ»ÔÄ»ÔÄ»ÔÄ»ÔÄ»ÔÄ»ÔÄ»[8/10]ÔÄ»

 FAIL  src/auto-reply/reply/reply-flow.test.ts > followup queue collect routing > retries collect-mode batches without losing queued items
Error: Test timed out in 5000ms.
If this is a long-running test, pass a timeout value as the last argument or configure it globally with "testTimeout".
 ÔØ» src/auto-reply/reply/reply-flow.test.ts:1015:3
    1013|   });
    1014| 
    1015|   it("retries collect-mode batches without losing queued items", asyncÔÇª
       |   ^
    1016|     const key = `test-collect-retry-${Date.now()}`;
    1017|     const calls: FollowupRun[] = [];

ÔÄ»ÔÄ»ÔÄ»ÔÄ»ÔÄ»ÔÄ»ÔÄ»ÔÄ»ÔÄ»ÔÄ»ÔÄ»ÔÄ»ÔÄ»ÔÄ»ÔÄ»ÔÄ»ÔÄ»ÔÄ»ÔÄ»ÔÄ»ÔÄ»ÔÄ»ÔÄ»[9/10]ÔÄ»

 FAIL  src/auto-reply/reply/reply-flow.test.ts > followup queue collect routing > retries overflow summary delivery without losing dropped previews
Error: Test timed out in 5000ms.
If this is a long-running test, pass a timeout value as the last argument or configure it globally with "testTimeout".
 ÔØ» src/auto-reply/reply/reply-flow.test.ts:1047:3
    1045|   });
    1046| 
    1047|   it("retries overflow summary delivery without losing dropped previewÔÇª
       |   ^
    1048|     const key = `test-overflow-summary-retry-${Date.now()}`;
    1049|     const calls: FollowupRun[] = [];

ÔÄ»ÔÄ»ÔÄ»ÔÄ»ÔÄ»ÔÄ»ÔÄ»ÔÄ»ÔÄ»ÔÄ»ÔÄ»ÔÄ»ÔÄ»ÔÄ»ÔÄ»ÔÄ»ÔÄ»ÔÄ»ÔÄ»ÔÄ»ÔÄ»ÔÄ»[10/10]ÔÄ»

ÔÄ»ÔÄ»ÔÄ»ÔÄ»ÔÄ»ÔÄ» Unhandled Errors ÔÄ»ÔÄ»ÔÄ»ÔÄ»ÔÄ»ÔÄ»

Vitest caught 16 unhandled errors during the test run.
This might cause false positive tests. Resolve unhandled errors to make sure your tests are not affected.

ÔÄ»ÔÄ»ÔÄ»ÔÄ» Unhandled Rejection ÔÄ»ÔÄ»ÔÄ»ÔÄ»ÔÄ»
TypeError: redis.setex is not a function
 ÔØ» saveFollowupQueueState src/auto-reply/reply/queue/state.ts:70:15
     68|   const redis = getRedisClient();
     69|   // Ephemeral state, let's give it a generous TTL of 1 hour just in cÔÇª
     70|   await redis.setex(getStateKey(key), 3600, JSON.stringify(state));
       |               ^
     71| }
     72| 
 ÔØ» Module.enqueueFollowupRun src/auto-reply/reply/queue/enqueue.ts:59:9
 ÔØ» processTicksAndRejections node:internal/process/task_queues:105:5

This error originated in "src/auto-reply/reply/reply-flow.test.ts" test file. It doesn't mean the error was thrown inside the file itself, but while it was running.
The latest test that might've caused the error is "does not collect when destinations differ". It might mean one of the following:
- The error was thrown, while Vitest was running this test.
- If the error occurred after the test had been completed, this was the last documented test before it was thrown.

ÔÄ»ÔÄ»ÔÄ»ÔÄ» Unhandled Rejection ÔÄ»ÔÄ»ÔÄ»ÔÄ»ÔÄ»
TypeError: redis.setex is not a function
 ÔØ» saveFollowupQueueState src/auto-reply/reply/queue/state.ts:70:15
     68|   const redis = getRedisClient();
     69|   // Ephemeral state, let's give it a generous TTL of 1 hour just in cÔÇª
     70|   await redis.setex(getStateKey(key), 3600, JSON.stringify(state));
       |               ^
     71| }
     72| 
 ÔØ» Module.enqueueFollowupRun src/auto-reply/reply/queue/enqueue.ts:59:9
 ÔØ» processTicksAndRejections node:internal/process/task_queues:105:5

This error originated in "src/auto-reply/reply/reply-flow.test.ts" test file. It doesn't mean the error was thrown inside the file itself, but while it was running.
The latest test that might've caused the error is "does not collect when destinations differ". It might mean one of the following:
- The error was thrown, while Vitest was running this test.
- If the error occurred after the test had been completed, this was the last documented test before it was thrown.

ÔÄ»ÔÄ»ÔÄ»ÔÄ» Unhandled Rejection ÔÄ»ÔÄ»ÔÄ»ÔÄ»ÔÄ»
TypeError: redis.setex is not a function
 ÔØ» saveFollowupQueueState src/auto-reply/reply/queue/state.ts:70:15
     68|   const redis = getRedisClient();
     69|   // Ephemeral state, let's give it a generous TTL of 1 hour just in cÔÇª
     70|   await redis.setex(getStateKey(key), 3600, JSON.stringify(state));
       |               ^
     71| }
     72| 
 ÔØ» Module.enqueueFollowupRun src/auto-reply/reply/queue/enqueue.ts:59:9
 ÔØ» processTicksAndRejections node:internal/process/task_queues:105:5

This error originated in "src/auto-reply/reply/reply-flow.test.ts" test file. It doesn't mean the error was thrown inside the file itself, but while it was running.
The latest test that might've caused the error is "does not collect when destinations differ". It might mean one of the following:
- The error was thrown, while Vitest was running this test.
- If the error occurred after the test had been completed, this was the last documented test before it was thrown.

ÔÄ»ÔÄ»ÔÄ»ÔÄ» Unhandled Rejection ÔÄ»ÔÄ»ÔÄ»ÔÄ»ÔÄ»
TypeError: redis.setex is not a function
 ÔØ» saveFollowupQueueState src/auto-reply/reply/queue/state.ts:70:15
     68|   const redis = getRedisClient();
     69|   // Ephemeral state, let's give it a generous TTL of 1 hour just in cÔÇª
     70|   await redis.setex(getStateKey(key), 3600, JSON.stringify(state));
       |               ^
     71| }
     72| 
 ÔØ» Module.enqueueFollowupRun src/auto-reply/reply/queue/enqueue.ts:59:9
 ÔØ» processTicksAndRejections node:internal/process/task_queues:105:5

This error originated in "src/auto-reply/reply/reply-flow.test.ts" test file. It doesn't mean the error was thrown inside the file itself, but while it was running.
The latest test that might've caused the error is "does not collect when destinations differ". It might mean one of the following:
- The error was thrown, while Vitest was running this test.
- If the error occurred after the test had been completed, this was the last documented test before it was thrown.

ÔÄ»ÔÄ»ÔÄ»ÔÄ» Unhandled Rejection ÔÄ»ÔÄ»ÔÄ»ÔÄ»ÔÄ»
TypeError: redis.setex is not a function
 ÔØ» saveFollowupQueueState src/auto-reply/reply/queue/state.ts:70:15
     68|   const redis = getRedisClient();
     69|   // Ephemeral state, let's give it a generous TTL of 1 hour just in cÔÇª
     70|   await redis.setex(getStateKey(key), 3600, JSON.stringify(state));
       |               ^
     71| }
     72| 
 ÔØ» Module.enqueueFollowupRun src/auto-reply/reply/queue/enqueue.ts:59:9
 ÔØ» processTicksAndRejections node:internal/process/task_queues:105:5

This error originated in "src/auto-reply/reply/reply-flow.test.ts" test file. It doesn't mean the error was thrown inside the file itself, but while it was running.
The latest test that might've caused the error is "does not collect when destinations differ". It might mean one of the following:
- The error was thrown, while Vitest was running this test.
- If the error occurred after the test had been completed, this was the last documented test before it was thrown.

ÔÄ»ÔÄ»ÔÄ»ÔÄ» Unhandled Rejection ÔÄ»ÔÄ»ÔÄ»ÔÄ»ÔÄ»
TypeError: redis.setex is not a function
 ÔØ» saveFollowupQueueState src/auto-reply/reply/queue/state.ts:70:15
     68|   const redis = getRedisClient();
     69|   // Ephemeral state, let's give it a generous TTL of 1 hour just in cÔÇª
     70|   await redis.setex(getStateKey(key), 3600, JSON.stringify(state));
       |               ^
     71| }
     72| 
 ÔØ» Module.enqueueFollowupRun src/auto-reply/reply/queue/enqueue.ts:59:9
 ÔØ» processTicksAndRejections node:internal/process/task_queues:105:5

This error originated in "src/auto-reply/reply/reply-flow.test.ts" test file. It doesn't mean the error was thrown inside the file itself, but while it was running.
The latest test that might've caused the error is "does not collect when destinations differ". It might mean one of the following:
- The error was thrown, while Vitest was running this test.
- If the error occurred after the test had been completed, this was the last documented test before it was thrown.

ÔÄ»ÔÄ»ÔÄ»ÔÄ» Unhandled Rejection ÔÄ»ÔÄ»ÔÄ»ÔÄ»ÔÄ»
TypeError: redis.setex is not a function
 ÔØ» saveFollowupQueueState src/auto-reply/reply/queue/state.ts:70:15
     68|   const redis = getRedisClient();
     69|   // Ephemeral state, let's give it a generous TTL of 1 hour just in cÔÇª
     70|   await redis.setex(getStateKey(key), 3600, JSON.stringify(state));
       |               ^
     71| }
     72| 
 ÔØ» Module.enqueueFollowupRun src/auto-reply/reply/queue/enqueue.ts:59:9

This error originated in "src/auto-reply/reply/reply-flow.test.ts" test file. It doesn't mean the error was thrown inside the file itself, but while it was running.
The latest test that might've caused the error is "collects when channel+destination match". It might mean one of the following:
- The error was thrown, while Vitest was running this test.
- If the error occurred after the test had been completed, this was the last documented test before it was thrown.

ÔÄ»ÔÄ»ÔÄ»ÔÄ» Unhandled Rejection ÔÄ»ÔÄ»ÔÄ»ÔÄ»ÔÄ»
TypeError: redis.setex is not a function
 ÔØ» saveFollowupQueueState src/auto-reply/reply/queue/state.ts:70:15
     68|   const redis = getRedisClient();
     69|   // Ephemeral state, let's give it a generous TTL of 1 hour just in cÔÇª
     70|   await redis.setex(getStateKey(key), 3600, JSON.stringify(state));
       |               ^
     71| }
     72| 
 ÔØ» Module.enqueueFollowupRun src/auto-reply/reply/queue/enqueue.ts:59:9

This error originated in "src/auto-reply/reply/reply-flow.test.ts" test file. It doesn't mean the error was thrown inside the file itself, but while it was running.
The latest test that might've caused the error is "collects when channel+destination match". It might mean one of the following:
- The error was thrown, while Vitest was running this test.
- If the error occurred after the test had been completed, this was the last documented test before it was thrown.

ÔÄ»ÔÄ»ÔÄ»ÔÄ» Unhandled Rejection ÔÄ»ÔÄ»ÔÄ»ÔÄ»ÔÄ»
TypeError: redis.setex is not a function
 ÔØ» saveFollowupQueueState src/auto-reply/reply/queue/state.ts:70:15
     68|   const redis = getRedisClient();
     69|   // Ephemeral state, let's give it a generous TTL of 1 hour just in cÔÇª
     70|   await redis.setex(getStateKey(key), 3600, JSON.stringify(state));
       |               ^
     71| }
     72| 
 ÔØ» Module.enqueueFollowupRun src/auto-reply/reply/queue/enqueue.ts:59:9

This error originated in "src/auto-reply/reply/reply-flow.test.ts" test file. It doesn't mean the error was thrown inside the file itself, but while it was running.
The latest test that might've caused the error is "collects Slack messages in same thread and preserves string thread id". It might mean one of the following:
- The error was thrown, while Vitest was running this test.
- If the error occurred after the test had been completed, this was the last documented test before it was thrown.

ÔÄ»ÔÄ»ÔÄ»ÔÄ» Unhandled Rejection ÔÄ»ÔÄ»ÔÄ»ÔÄ»ÔÄ»
TypeError: redis.setex is not a function
 ÔØ» saveFollowupQueueState src/auto-reply/reply/queue/state.ts:70:15
     68|   const redis = getRedisClient();
     69|   // Ephemeral state, let's give it a generous TTL of 1 hour just in cÔÇª
     70|   await redis.setex(getStateKey(key), 3600, JSON.stringify(state));
       |               ^
     71| }
     72| 
 ÔØ» Module.enqueueFollowupRun src/auto-reply/reply/queue/enqueue.ts:59:9

This error originated in "src/auto-reply/reply/reply-flow.test.ts" test file. It doesn't mean the error was thrown inside the file itself, but while it was running.
The latest test that might've caused the error is "collects Slack messages in same thread and preserves string thread id". It might mean one of the following:
- The error was thrown, while Vitest was running this test.
- If the error occurred after the test had been completed, this was the last documented test before it was thrown.

ÔÄ»ÔÄ»ÔÄ»ÔÄ» Unhandled Rejection ÔÄ»ÔÄ»ÔÄ»ÔÄ»ÔÄ»
TypeError: redis.setex is not a function
 ÔØ» saveFollowupQueueState src/auto-reply/reply/queue/state.ts:70:15
     68|   const redis = getRedisClient();
     69|   // Ephemeral state, let's give it a generous TTL of 1 hour just in cÔÇª
     70|   await redis.setex(getStateKey(key), 3600, JSON.stringify(state));
       |               ^
     71| }
     72| 
 ÔØ» Module.enqueueFollowupRun src/auto-reply/reply/queue/enqueue.ts:59:9

This error originated in "src/auto-reply/reply/reply-flow.test.ts" test file. It doesn't mean the error was thrown inside the file itself, but while it was running.
The latest test that might've caused the error is "does not collect Slack messages when thread ids differ". It might mean one of the following:
- The error was thrown, while Vitest was running this test.
- If the error occurred after the test had been completed, this was the last documented test before it was thrown.

ÔÄ»ÔÄ»ÔÄ»ÔÄ» Unhandled Rejection ÔÄ»ÔÄ»ÔÄ»ÔÄ»ÔÄ»
TypeError: redis.setex is not a function
 ÔØ» saveFollowupQueueState src/auto-reply/reply/queue/state.ts:70:15
     68|   const redis = getRedisClient();
     69|   // Ephemeral state, let's give it a generous TTL of 1 hour just in cÔÇª
     70|   await redis.setex(getStateKey(key), 3600, JSON.stringify(state));
       |               ^
     71| }
     72| 
 ÔØ» Module.enqueueFollowupRun src/auto-reply/reply/queue/enqueue.ts:59:9

This error originated in "src/auto-reply/reply/reply-flow.test.ts" test file. It doesn't mean the error was thrown inside the file itself, but while it was running.
The latest test that might've caused the error is "does not collect Slack messages when thread ids differ". It might mean one of the following:
- The error was thrown, while Vitest was running this test.
- If the error occurred after the test had been completed, this was the last documented test before it was thrown.

ÔÄ»ÔÄ»ÔÄ»ÔÄ» Unhandled Rejection ÔÄ»ÔÄ»ÔÄ»ÔÄ»ÔÄ»
TypeError: redis.setex is not a function
 ÔØ» saveFollowupQueueState src/auto-reply/reply/queue/state.ts:70:15
     68|   const redis = getRedisClient();
     69|   // Ephemeral state, let's give it a generous TTL of 1 hour just in cÔÇª
     70|   await redis.setex(getStateKey(key), 3600, JSON.stringify(state));
       |               ^
     71| }
     72| 
 ÔØ» Module.enqueueFollowupRun src/auto-reply/reply/queue/enqueue.ts:59:9

This error originated in "src/auto-reply/reply/reply-flow.test.ts" test file. It doesn't mean the error was thrown inside the file itself, but while it was running.
The latest test that might've caused the error is "retries collect-mode batches without losing queued items". It might mean one of the following:
- The error was thrown, while Vitest was running this test.
- If the error occurred after the test had been completed, this was the last documented test before it was thrown.

ÔÄ»ÔÄ»ÔÄ»ÔÄ» Unhandled Rejection ÔÄ»ÔÄ»ÔÄ»ÔÄ»ÔÄ»
TypeError: redis.setex is not a function
 ÔØ» saveFollowupQueueState src/auto-reply/reply/queue/state.ts:70:15
     68|   const redis = getRedisClient();
     69|   // Ephemeral state, let's give it a generous TTL of 1 hour just in cÔÇª
     70|   await redis.setex(getStateKey(key), 3600, JSON.stringify(state));
       |               ^
     71| }
     72| 
 ÔØ» Module.enqueueFollowupRun src/auto-reply/reply/queue/enqueue.ts:59:9

This error originated in "src/auto-reply/reply/reply-flow.test.ts" test file. It doesn't mean the error was thrown inside the file itself, but while it was running.
The latest test that might've caused the error is "retries collect-mode batches without losing queued items". It might mean one of the following:
- The error was thrown, while Vitest was running this test.
- If the error occurred after the test had been completed, this was the last documented test before it was thrown.

ÔÄ»ÔÄ»ÔÄ»ÔÄ» Unhandled Rejection ÔÄ»ÔÄ»ÔÄ»ÔÄ»ÔÄ»
TypeError: redis.setex is not a function
 ÔØ» saveFollowupQueueState src/auto-reply/reply/queue/state.ts:70:15
     68|   const redis = getRedisClient();
     69|   // Ephemeral state, let's give it a generous TTL of 1 hour just in cÔÇª
     70|   await redis.setex(getStateKey(key), 3600, JSON.stringify(state));
       |               ^
     71| }
     72| 
 ÔØ» Module.enqueueFollowupRun src/auto-reply/reply/queue/enqueue.ts:59:9

This error originated in "src/auto-reply/reply/reply-flow.test.ts" test file. It doesn't mean the error was thrown inside the file itself, but while it was running.
The latest test that might've caused the error is "retries overflow summary delivery without losing dropped previews". It might mean one of the following:
- The error was thrown, while Vitest was running this test.
- If the error occurred after the test had been completed, this was the last documented test before it was thrown.

ÔÄ»ÔÄ»ÔÄ»ÔÄ» Unhandled Rejection ÔÄ»ÔÄ»ÔÄ»ÔÄ»ÔÄ»
TypeError: redis.setex is not a function
 ÔØ» saveFollowupQueueState src/auto-reply/reply/queue/state.ts:70:15
     68|   const redis = getRedisClient();
     69|   // Ephemeral state, let's give it a generous TTL of 1 hour just in cÔÇª
     70|   await redis.setex(getStateKey(key), 3600, JSON.stringify(state));
       |               ^
     71| }
     72| 
 ÔØ» Module.enqueueFollowupRun src/auto-reply/reply/queue/enqueue.ts:59:9

This error originated in "src/auto-reply/reply/reply-flow.test.ts" test file. It doesn't mean the error was thrown inside the file itself, but while it was running.
The latest test that might've caused the error is "retries overflow summary delivery without losing dropped previews". It might mean one of the following:
- The error was thrown, while Vitest was running this test.
- If the error occurred after the test had been completed, this was the last documented test before it was thrown.
ÔÄ»ÔÄ»ÔÄ»ÔÄ»ÔÄ»ÔÄ»ÔÄ»ÔÄ»ÔÄ»ÔÄ»ÔÄ»ÔÄ»ÔÄ»ÔÄ»ÔÄ»ÔÄ»ÔÄ»ÔÄ»ÔÄ»ÔÄ»ÔÄ»ÔÄ»ÔÄ»ÔÄ»ÔÄ»ÔÄ»ÔÄ»ÔÄ»ÔÄ»ÔÄ»


[2m Test Files [22m [1m[31m1 failed[39m[22m[90m (1)[39m
[2m      Tests [22m [1m[31m10 failed[39m[22m[2m | [22m[1m[32m70 passed[39m[22m[90m (80)[39m
[2m     Errors [22m [1m[31m16 errors[39m[22m
[2m   Start at [22m 21:52:48
[2m   Duration [22m 46.85s[2m (transform 4.81s, setup 290ms, import 16.39s, tests 30.05s, environment 0ms)[22m

