npm warn Unknown project config "allow-build-scripts". This will stop working in the next major version of npm.
src/agents/tools/subagents-tool.ts(247,15): error TS2339: Property 'followupCleared' does not exist on type 'Promise<ClearSessionQueueResult>'.
src/agents/tools/subagents-tool.ts(247,46): error TS2339: Property 'laneCleared' does not exist on type 'Promise<ClearSessionQueueResult>'.
src/agents/tools/subagents-tool.ts(249,57): error TS2339: Property 'followupCleared' does not exist on type 'Promise<ClearSessionQueueResult>'.
src/agents/tools/subagents-tool.ts(249,89): error TS2339: Property 'laneCleared' does not exist on type 'Promise<ClearSessionQueueResult>'.
src/agents/tools/subagents-tool.ts(249,117): error TS2339: Property 'keys' does not exist on type 'Promise<ClearSessionQueueResult>'.
src/agents/tools/subagents-tool.ts(268,51): error TS2339: Property 'followupCleared' does not exist on type 'Promise<ClearSessionQueueResult>'.
src/agents/tools/subagents-tool.ts(268,82): error TS2339: Property 'laneCleared' does not exist on type 'Promise<ClearSessionQueueResult>'.
src/agents/tools/subagents-tool.ts(598,21): error TS2339: Property 'followupCleared' does not exist on type 'Promise<ClearSessionQueueResult>'.
src/agents/tools/subagents-tool.ts(598,52): error TS2339: Property 'laneCleared' does not exist on type 'Promise<ClearSessionQueueResult>'.
src/agents/tools/subagents-tool.ts(600,64): error TS2339: Property 'followupCleared' does not exist on type 'Promise<ClearSessionQueueResult>'.
src/agents/tools/subagents-tool.ts(600,96): error TS2339: Property 'laneCleared' does not exist on type 'Promise<ClearSessionQueueResult>'.
src/agents/tools/subagents-tool.ts(600,124): error TS2339: Property 'keys' does not exist on type 'Promise<ClearSessionQueueResult>'.
src/auto-reply/reply/abort.ts(183,50): error TS2339: Property 'followupCleared' does not exist on type 'Promise<ClearSessionQueueResult>'.
src/auto-reply/reply/abort.ts(183,81): error TS2339: Property 'laneCleared' does not exist on type 'Promise<ClearSessionQueueResult>'.
src/auto-reply/reply/abort.ts(241,17): error TS2339: Property 'followupCleared' does not exist on type 'Promise<ClearSessionQueueResult>'.
src/auto-reply/reply/abort.ts(241,48): error TS2339: Property 'laneCleared' does not exist on type 'Promise<ClearSessionQueueResult>'.
src/auto-reply/reply/abort.ts(243,45): error TS2339: Property 'followupCleared' does not exist on type 'Promise<ClearSessionQueueResult>'.
src/auto-reply/reply/abort.ts(243,77): error TS2339: Property 'laneCleared' does not exist on type 'Promise<ClearSessionQueueResult>'.
src/auto-reply/reply/abort.ts(243,105): error TS2339: Property 'keys' does not exist on type 'Promise<ClearSessionQueueResult>'.
src/auto-reply/reply/commands-session.ts(496,15): error TS2339: Property 'followupCleared' does not exist on type 'Promise<ClearSessionQueueResult>'.
src/auto-reply/reply/commands-session.ts(496,46): error TS2339: Property 'laneCleared' does not exist on type 'Promise<ClearSessionQueueResult>'.
src/auto-reply/reply/commands-session.ts(498,42): error TS2339: Property 'followupCleared' does not exist on type 'Promise<ClearSessionQueueResult>'.
src/auto-reply/reply/commands-session.ts(498,74): error TS2339: Property 'laneCleared' does not exist on type 'Promise<ClearSessionQueueResult>'.
src/auto-reply/reply/commands-session.ts(498,102): error TS2339: Property 'keys' does not exist on type 'Promise<ClearSessionQueueResult>'.
src/auto-reply/reply/commands-subagents/action-kill.ts(59,15): error TS2339: Property 'followupCleared' does not exist on type 'Promise<ClearSessionQueueResult>'.
src/auto-reply/reply/commands-subagents/action-kill.ts(59,46): error TS2339: Property 'laneCleared' does not exist on type 'Promise<ClearSessionQueueResult>'.
src/auto-reply/reply/commands-subagents/action-kill.ts(61,52): error TS2339: Property 'followupCleared' does not exist on type 'Promise<ClearSessionQueueResult>'.
src/auto-reply/reply/commands-subagents/action-kill.ts(61,84): error TS2339: Property 'laneCleared' does not exist on type 'Promise<ClearSessionQueueResult>'.
src/auto-reply/reply/commands-subagents/action-kill.ts(61,112): error TS2339: Property 'keys' does not exist on type 'Promise<ClearSessionQueueResult>'.
src/auto-reply/reply/commands-subagents/action-send.ts(73,17): error TS2339: Property 'followupCleared' does not exist on type 'Promise<ClearSessionQueueResult>'.
src/auto-reply/reply/commands-subagents/action-send.ts(73,48): error TS2339: Property 'laneCleared' does not exist on type 'Promise<ClearSessionQueueResult>'.
src/auto-reply/reply/commands-subagents/action-send.ts(75,55): error TS2339: Property 'followupCleared' does not exist on type 'Promise<ClearSessionQueueResult>'.
src/auto-reply/reply/commands-subagents/action-send.ts(75,87): error TS2339: Property 'laneCleared' does not exist on type 'Promise<ClearSessionQueueResult>'.
src/auto-reply/reply/commands-subagents/action-send.ts(75,115): error TS2339: Property 'keys' does not exist on type 'Promise<ClearSessionQueueResult>'.
